<?xml version="1.0" encoding="UTF-8"?>
<testsuite xmlns:xsi="http://www.w3.org/2001/XMLSchema-instance" xsi:noNamespaceSchemaLocation="https://maven.apache.org/surefire/maven-surefire-plugin/xsd/surefire-test-report-3.0.xsd" version="3.0" name="TestSuite" time="274.2" tests="4" errors="0" skipped="0" failures="4">
  <properties>
    <property name="sun.desktop" value="windows"/>
    <property name="awt.toolkit" value="sun.awt.windows.WToolkit"/>
    <property name="file.encoding.pkg" value="sun.io"/>
    <property name="java.specification.version" value="1.8"/>
    <property name="sun.cpu.isalist" value="amd64"/>
    <property name="sun.jnu.encoding" value="Cp1252"/>
    <property name="java.class.path" value="C:\Users\f5208882\com.automation.cucumber_Framework\target\test-classes;C:\Users\f5208882\com.automation.cucumber_Framework\target\classes;C:\Users\f5208882\.m2\repository\io\rest-assured\rest-assured\4.3.0\rest-assured-4.3.0.jar;C:\Users\f5208882\.m2\repository\org\codehaus\groovy\groovy\3.0.2\groovy-3.0.2.jar;C:\Users\f5208882\.m2\repository\org\codehaus\groovy\groovy-xml\3.0.2\groovy-xml-3.0.2.jar;C:\Users\f5208882\.m2\repository\org\apache\httpcomponents\httpclient\4.5.3\httpclient-4.5.3.jar;C:\Users\f5208882\.m2\repository\org\apache\httpcomponents\httpcore\4.4.6\httpcore-4.4.6.jar;C:\Users\f5208882\.m2\repository\commons-logging\commons-logging\1.2\commons-logging-1.2.jar;C:\Users\f5208882\.m2\repository\org\apache\httpcomponents\httpmime\4.5.3\httpmime-4.5.3.jar;C:\Users\f5208882\.m2\repository\org\hamcrest\hamcrest\2.1\hamcrest-2.1.jar;C:\Users\f5208882\.m2\repository\org\ccil\cowan\tagsoup\tagsoup\1.2.1\tagsoup-1.2.1.jar;C:\Users\f5208882\.m2\repository\io\rest-assured\json-path\4.3.0\json-path-4.3.0.jar;C:\Users\f5208882\.m2\repository\org\codehaus\groovy\groovy-json\3.0.2\groovy-json-3.0.2.jar;C:\Users\f5208882\.m2\repository\io\rest-assured\rest-assured-common\4.3.0\rest-assured-common-4.3.0.jar;C:\Users\f5208882\.m2\repository\io\rest-assured\xml-path\4.3.0\xml-path-4.3.0.jar;C:\Users\f5208882\.m2\repository\jakarta\xml\bind\jakarta.xml.bind-api\2.3.2\jakarta.xml.bind-api-2.3.2.jar;C:\Users\f5208882\.m2\repository\jakarta\activation\jakarta.activation-api\1.2.1\jakarta.activation-api-1.2.1.jar;C:\Users\f5208882\.m2\repository\com\sun\xml\bind\jaxb-osgi\2.3.0.1\jaxb-osgi-2.3.0.1.jar;C:\Users\f5208882\.m2\repository\org\apache\sling\org.apache.sling.javax.activation\0.1.0\org.apache.sling.javax.activation-0.1.0.jar;C:\Users\f5208882\.m2\repository\javax\activation\activation\1.1.1\activation-1.1.1.jar;C:\Users\f5208882\.m2\repository\com\googlecode\json-simple\json-simple\1.1.1\json-simple-1.1.1.jar;C:\Users\f5208882\.m2\repository\mysql\mysql-connector-java\5.1.36\mysql-connector-java-5.1.36.jar;C:\Users\f5208882\.m2\repository\org\apache\poi\poi\3.16\poi-3.16.jar;C:\Users\f5208882\.m2\repository\commons-codec\commons-codec\1.10\commons-codec-1.10.jar;C:\Users\f5208882\.m2\repository\org\apache\commons\commons-collections4\4.1\commons-collections4-4.1.jar;C:\Users\f5208882\.m2\repository\org\apache\poi\poi-scratchpad\3.16\poi-scratchpad-3.16.jar;C:\Users\f5208882\.m2\repository\org\apache\poi\poi-ooxml\3.16\poi-ooxml-3.16.jar;C:\Users\f5208882\.m2\repository\com\github\virtuald\curvesapi\1.04\curvesapi-1.04.jar;C:\Users\f5208882\.m2\repository\org\apache\poi\poi-ooxml-schemas\3.16\poi-ooxml-schemas-3.16.jar;C:\Users\f5208882\.m2\repository\org\apache\xmlbeans\xmlbeans\2.6.0\xmlbeans-2.6.0.jar;C:\Users\f5208882\.m2\repository\stax\stax-api\1.0.1\stax-api-1.0.1.jar;C:\Users\f5208882\.m2\repository\commons-fileupload\commons-fileupload\1.3.1\commons-fileupload-1.3.1.jar;C:\Users\f5208882\.m2\repository\commons-io\commons-io\2.2\commons-io-2.2.jar;C:\Users\f5208882\.m2\repository\org\testng\testng\6.9.10\testng-6.9.10.jar;C:\Users\f5208882\.m2\repository\com\beust\jcommander\1.48\jcommander-1.48.jar;C:\Users\f5208882\.m2\repository\org\beanshell\bsh\2.0b4\bsh-2.0b4.jar;C:\Users\f5208882\.m2\repository\javax\servlet\javax.servlet-api\3.1.0\javax.servlet-api-3.1.0.jar;C:\Users\f5208882\.m2\repository\com\fasterxml\jackson\core\jackson-databind\2.11.1\jackson-databind-2.11.1.jar;C:\Users\f5208882\.m2\repository\com\fasterxml\jackson\core\jackson-annotations\2.11.1\jackson-annotations-2.11.1.jar;C:\Users\f5208882\.m2\repository\com\fasterxml\jackson\core\jackson-core\2.11.1\jackson-core-2.11.1.jar;C:\Users\f5208882\.m2\repository\com\relevantcodes\extentreports\2.41.1\extentreports-2.41.1.jar;C:\Users\f5208882\.m2\repository\org\jsoup\jsoup\1.8.3\jsoup-1.8.3.jar;C:\Users\f5208882\.m2\repository\org\xerial\sqlite-jdbc\3.8.11.1\sqlite-jdbc-3.8.11.1.jar;C:\Users\f5208882\.m2\repository\org\freemarker\freemarker\2.3.23\freemarker-2.3.23.jar;C:\Users\f5208882\.m2\repository\org\mongodb\mongodb-driver\3.0.4\mongodb-driver-3.0.4.jar;C:\Users\f5208882\.m2\repository\org\mongodb\mongodb-driver-core\3.0.4\mongodb-driver-core-3.0.4.jar;C:\Users\f5208882\.m2\repository\org\easymock\easymock\3.5\easymock-3.5.jar;C:\Users\f5208882\.m2\repository\org\objenesis\objenesis\2.6\objenesis-2.6.jar;C:\Users\f5208882\.m2\repository\com\aventstack\extentreports\4.0.9\extentreports-4.0.9.jar;C:\Users\f5208882\.m2\repository\org\mongodb\bson\3.3.0\bson-3.3.0.jar;C:\Users\f5208882\.m2\repository\com\google\code\gson\gson\2.8.5\gson-2.8.5.jar;C:\Users\f5208882\.m2\repository\org\apache\jackrabbit\jackrabbit-standalone\1.5.0\jackrabbit-standalone-1.5.0.jar;C:\Users\f5208882\.m2\repository\javax\jcr\jcr\1.0\jcr-1.0.jar;C:\Users\f5208882\.m2\repository\org\apache\jackrabbit\jackrabbit-webapp\1.5.0\jackrabbit-webapp-1.5.0.jar;C:\Users\f5208882\.m2\repository\org\apache\jackrabbit\jackrabbit-core\1.5.0\jackrabbit-core-1.5.0.jar;C:\Users\f5208882\.m2\repository\concurrent\concurrent\1.3.4\concurrent-1.3.4.jar;C:\Users\f5208882\.m2\repository\org\apache\jackrabbit\jackrabbit-api\1.5.0\jackrabbit-api-1.5.0.jar;C:\Users\f5208882\.m2\repository\org\apache\jackrabbit\jackrabbit-jcr-commons\1.5.0\jackrabbit-jcr-commons-1.5.0.jar;C:\Users\f5208882\.m2\repository\org\apache\jackrabbit\jackrabbit-spi-commons\1.5.0\jackrabbit-spi-commons-1.5.0.jar;C:\Users\f5208882\.m2\repository\org\apache\jackrabbit\jackrabbit-spi\1.5.0\jackrabbit-spi-1.5.0.jar;C:\Users\f5208882\.m2\repository\org\apache\jackrabbit\jackrabbit-text-extractors\1.5.0\jackrabbit-text-extractors-1.5.0.jar;C:\Users\f5208882\.m2\repository\pdfbox\pdfbox\0.7.3\pdfbox-0.7.3.jar;C:\Users\f5208882\.m2\repository\org\fontbox\fontbox\0.1.0\fontbox-0.1.0.jar;C:\Users\f5208882\.m2\repository\org\jempbox\jempbox\0.2.0\jempbox-0.2.0.jar;C:\Users\f5208882\.m2\repository\net\sourceforge\nekohtml\nekohtml\1.9.7\nekohtml-1.9.7.jar;C:\Users\f5208882\.m2\repository\org\apache\lucene\lucene-core\2.3.2\lucene-core-2.3.2.jar;C:\Users\f5208882\.m2\repository\org\apache\derby\derby\10.2.1.6\derby-10.2.1.6.jar;C:\Users\f5208882\.m2\repository\org\apache\jackrabbit\jackrabbit-jcr-server\1.5.0\jackrabbit-jcr-server-1.5.0.jar;C:\Users\f5208882\.m2\repository\org\apache\jackrabbit\jackrabbit-webdav\1.5.0\jackrabbit-webdav-1.5.0.jar;C:\Users\f5208882\.m2\repository\commons-httpclient\commons-httpclient\3.0\commons-httpclient-3.0.jar;C:\Users\f5208882\.m2\repository\xerces\xercesImpl\2.8.1\xercesImpl-2.8.1.jar;C:\Users\f5208882\.m2\repository\xml-apis\xml-apis\1.3.03\xml-apis-1.3.03.jar;C:\Users\f5208882\.m2\repository\org\apache\jackrabbit\jackrabbit-jcr-servlet\1.5.0\jackrabbit-jcr-servlet-1.5.0.jar;C:\Users\f5208882\.m2\repository\org\apache\jackrabbit\jackrabbit-jcr-rmi\1.5.0\jackrabbit-jcr-rmi-1.5.0.jar;C:\Users\f5208882\.m2\repository\org\slf4j\slf4j-log4j12\1.5.3\slf4j-log4j12-1.5.3.jar;C:\Users\f5208882\.m2\repository\org\slf4j\jcl-over-slf4j\1.5.3\jcl-over-slf4j-1.5.3.jar;C:\Users\f5208882\.m2\repository\org\mortbay\jetty\jetty\6.1.14\jetty-6.1.14.jar;C:\Users\f5208882\.m2\repository\org\mortbay\jetty\jsp-2.1\6.1.14\jsp-2.1-6.1.14.jar;C:\Users\f5208882\.m2\repository\org\eclipse\jdt\core\3.1.1\core-3.1.1.jar;C:\Users\f5208882\.m2\repository\ant\ant\1.6.5\ant-1.6.5.jar;C:\Users\f5208882\.m2\repository\org\mortbay\jetty\jetty-util\6.1.14\jetty-util-6.1.14.jar;C:\Users\f5208882\.m2\repository\org\mortbay\jetty\servlet-api-2.5\6.1.14\servlet-api-2.5-6.1.14.jar;C:\Users\f5208882\.m2\repository\org\mortbay\jetty\jsp-api-2.1\6.1.14\jsp-api-2.1-6.1.14.jar;C:\Users\f5208882\.m2\repository\commons-cli\commons-cli\1.1\commons-cli-1.1.jar;C:\Users\f5208882\.m2\repository\log4j\log4j\1.2.17\log4j-1.2.17.jar;C:\Users\f5208882\.m2\repository\org\apache\logging\log4j\log4j-api\2.11.2\log4j-api-2.11.2.jar;C:\Users\f5208882\.m2\repository\org\apache\logging\log4j\log4j-core\2.11.2\log4j-core-2.11.2.jar;C:\Users\f5208882\.m2\repository\junit\junit\4.13.1\junit-4.13.1.jar;C:\Users\f5208882\.m2\repository\org\hamcrest\hamcrest-core\1.3\hamcrest-core-1.3.jar;C:\Users\f5208882\.m2\repository\io\cucumber\cucumber-core\6.9.1\cucumber-core-6.9.1.jar;C:\Users\f5208882\.m2\repository\io\cucumber\cucumber-gherkin\6.9.1\cucumber-gherkin-6.9.1.jar;C:\Users\f5208882\.m2\repository\io\cucumber\cucumber-gherkin-messages\6.9.1\cucumber-gherkin-messages-6.9.1.jar;C:\Users\f5208882\.m2\repository\io\cucumber\messages\13.2.1\messages-13.2.1.jar;C:\Users\f5208882\.m2\repository\io\cucumber\tag-expressions\3.0.0\tag-expressions-3.0.0.jar;C:\Users\f5208882\.m2\repository\io\cucumber\cucumber-expressions\10.3.0\cucumber-expressions-10.3.0.jar;C:\Users\f5208882\.m2\repository\io\cucumber\datatable\3.5.0\datatable-3.5.0.jar;C:\Users\f5208882\.m2\repository\io\cucumber\cucumber-plugin\6.9.1\cucumber-plugin-6.9.1.jar;C:\Users\f5208882\.m2\repository\io\cucumber\docstring\6.9.1\docstring-6.9.1.jar;C:\Users\f5208882\.m2\repository\io\cucumber\html-formatter\9.0.0\html-formatter-9.0.0.jar;C:\Users\f5208882\.m2\repository\io\cucumber\create-meta\2.0.4\create-meta-2.0.4.jar;C:\Users\f5208882\.m2\repository\org\apiguardian\apiguardian-api\1.1.0\apiguardian-api-1.1.0.jar;C:\Users\f5208882\.m2\repository\io\appium\java-client\7.2.0\java-client-7.2.0.jar;C:\Users\f5208882\.m2\repository\org\seleniumhq\selenium\selenium-java\3.141.59\selenium-java-3.141.59.jar;C:\Users\f5208882\.m2\repository\org\seleniumhq\selenium\selenium-chrome-driver\3.141.59\selenium-chrome-driver-3.141.59.jar;C:\Users\f5208882\.m2\repository\org\seleniumhq\selenium\selenium-edge-driver\3.141.59\selenium-edge-driver-3.141.59.jar;C:\Users\f5208882\.m2\repository\org\seleniumhq\selenium\selenium-firefox-driver\3.141.59\selenium-firefox-driver-3.141.59.jar;C:\Users\f5208882\.m2\repository\org\seleniumhq\selenium\selenium-ie-driver\3.141.59\selenium-ie-driver-3.141.59.jar;C:\Users\f5208882\.m2\repository\org\seleniumhq\selenium\selenium-opera-driver\3.141.59\selenium-opera-driver-3.141.59.jar;C:\Users\f5208882\.m2\repository\org\seleniumhq\selenium\selenium-remote-driver\3.141.59\selenium-remote-driver-3.141.59.jar;C:\Users\f5208882\.m2\repository\org\seleniumhq\selenium\selenium-safari-driver\3.141.59\selenium-safari-driver-3.141.59.jar;C:\Users\f5208882\.m2\repository\net\bytebuddy\byte-buddy\1.8.15\byte-buddy-1.8.15.jar;C:\Users\f5208882\.m2\repository\org\apache\commons\commons-exec\1.3\commons-exec-1.3.jar;C:\Users\f5208882\.m2\repository\com\google\guava\guava\25.0-jre\guava-25.0-jre.jar;C:\Users\f5208882\.m2\repository\com\google\code\findbugs\jsr305\1.3.9\jsr305-1.3.9.jar;C:\Users\f5208882\.m2\repository\org\checkerframework\checker-compat-qual\2.0.0\checker-compat-qual-2.0.0.jar;C:\Users\f5208882\.m2\repository\com\google\errorprone\error_prone_annotations\2.1.3\error_prone_annotations-2.1.3.jar;C:\Users\f5208882\.m2\repository\com\google\j2objc\j2objc-annotations\1.1\j2objc-annotations-1.1.jar;C:\Users\f5208882\.m2\repository\org\codehaus\mojo\animal-sniffer-annotations\1.14\animal-sniffer-annotations-1.14.jar;C:\Users\f5208882\.m2\repository\com\squareup\okhttp3\okhttp\3.11.0\okhttp-3.11.0.jar;C:\Users\f5208882\.m2\repository\com\squareup\okio\okio\1.14.0\okio-1.14.0.jar;C:\Users\f5208882\.m2\repository\org\seleniumhq\selenium\selenium-support\3.141.59\selenium-support-3.141.59.jar;C:\Users\f5208882\.m2\repository\org\seleniumhq\selenium\selenium-api\3.141.59\selenium-api-3.141.59.jar;C:\Users\f5208882\.m2\repository\cglib\cglib\3.2.12\cglib-3.2.12.jar;C:\Users\f5208882\.m2\repository\org\ow2\asm\asm\7.1\asm-7.1.jar;C:\Users\f5208882\.m2\repository\commons-validator\commons-validator\1.6\commons-validator-1.6.jar;C:\Users\f5208882\.m2\repository\commons-beanutils\commons-beanutils\1.9.2\commons-beanutils-1.9.2.jar;C:\Users\f5208882\.m2\repository\commons-digester\commons-digester\1.8.1\commons-digester-1.8.1.jar;C:\Users\f5208882\.m2\repository\commons-collections\commons-collections\3.2.2\commons-collections-3.2.2.jar;C:\Users\f5208882\.m2\repository\org\apache\commons\commons-lang3\3.9\commons-lang3-3.9.jar;C:\Users\f5208882\.m2\repository\org\springframework\spring-context\5.1.8.RELEASE\spring-context-5.1.8.RELEASE.jar;C:\Users\f5208882\.m2\repository\org\springframework\spring-aop\5.1.8.RELEASE\spring-aop-5.1.8.RELEASE.jar;C:\Users\f5208882\.m2\repository\org\springframework\spring-beans\5.1.8.RELEASE\spring-beans-5.1.8.RELEASE.jar;C:\Users\f5208882\.m2\repository\org\springframework\spring-core\5.1.8.RELEASE\spring-core-5.1.8.RELEASE.jar;C:\Users\f5208882\.m2\repository\org\springframework\spring-jcl\5.1.8.RELEASE\spring-jcl-5.1.8.RELEASE.jar;C:\Users\f5208882\.m2\repository\org\springframework\spring-expression\5.1.8.RELEASE\spring-expression-5.1.8.RELEASE.jar;C:\Users\f5208882\.m2\repository\org\aspectj\aspectjweaver\1.9.4\aspectjweaver-1.9.4.jar;C:\Users\f5208882\.m2\repository\org\slf4j\slf4j-api\1.7.26\slf4j-api-1.7.26.jar;C:\Users\f5208882\.m2\repository\io\cucumber\cucumber-html\0.2.7\cucumber-html-0.2.7.jar;C:\Users\f5208882\.m2\repository\io\cucumber\cucumber-java\6.9.1\cucumber-java-6.9.1.jar;C:\Users\f5208882\.m2\repository\io\cucumber\cucumber-java8\6.9.1\cucumber-java8-6.9.1.jar;C:\Users\f5208882\.m2\repository\net\jodah\typetools\0.6.2\typetools-0.6.2.jar;C:\Users\f5208882\.m2\repository\io\cucumber\cucumber-testng\6.9.1\cucumber-testng-6.9.1.jar;C:\Users\f5208882\.m2\repository\io\cucumber\cucumber-junit\6.9.1\cucumber-junit-6.9.1.jar;C:\Users\f5208882\.m2\repository\com\aventstack\extentreports-cucumber4-adapter\1.0.6\extentreports-cucumber4-adapter-1.0.6.jar;C:\Users\f5208882\.m2\repository\io\cucumber\cucumber-picocontainer\6.10.1\cucumber-picocontainer-6.10.1.jar;C:\Users\f5208882\.m2\repository\org\picocontainer\picocontainer\2.15\picocontainer-2.15.jar;"/>
    <property name="java.vm.vendor" value="Oracle Corporation"/>
    <property name="sun.arch.data.model" value="64"/>
    <property name="user.variant" value=""/>
    <property name="java.vendor.url" value="http://java.oracle.com/"/>
    <property name="user.timezone" value="Africa/Harare"/>
    <property name="java.vm.specification.version" value="1.8"/>
    <property name="os.name" value="Windows 10"/>
    <property name="user.country" value="ZA"/>
    <property name="sun.java.launcher" value="SUN_STANDARD"/>
    <property name="sun.boot.library.path" value="C:\Program Files\Java\jdk1.8.0_261\jre\bin"/>
    <property name="sun.java.command" value="C:\Users\f5208882\AppData\Local\Temp\surefire3362730204006845380\surefirebooter8750019698121116727.jar C:\Users\f5208882\AppData\Local\Temp\surefire3362730204006845380 2021-03-19T09-23-55_625-jvmRun1 surefire5471943309610491349tmp surefire_04854841351020103664tmp"/>
    <property name="surefire.test.class.path" value="C:\Users\f5208882\com.automation.cucumber_Framework\target\test-classes;C:\Users\f5208882\com.automation.cucumber_Framework\target\classes;C:\Users\f5208882\.m2\repository\io\rest-assured\rest-assured\4.3.0\rest-assured-4.3.0.jar;C:\Users\f5208882\.m2\repository\org\codehaus\groovy\groovy\3.0.2\groovy-3.0.2.jar;C:\Users\f5208882\.m2\repository\org\codehaus\groovy\groovy-xml\3.0.2\groovy-xml-3.0.2.jar;C:\Users\f5208882\.m2\repository\org\apache\httpcomponents\httpclient\4.5.3\httpclient-4.5.3.jar;C:\Users\f5208882\.m2\repository\org\apache\httpcomponents\httpcore\4.4.6\httpcore-4.4.6.jar;C:\Users\f5208882\.m2\repository\commons-logging\commons-logging\1.2\commons-logging-1.2.jar;C:\Users\f5208882\.m2\repository\org\apache\httpcomponents\httpmime\4.5.3\httpmime-4.5.3.jar;C:\Users\f5208882\.m2\repository\org\hamcrest\hamcrest\2.1\hamcrest-2.1.jar;C:\Users\f5208882\.m2\repository\org\ccil\cowan\tagsoup\tagsoup\1.2.1\tagsoup-1.2.1.jar;C:\Users\f5208882\.m2\repository\io\rest-assured\json-path\4.3.0\json-path-4.3.0.jar;C:\Users\f5208882\.m2\repository\org\codehaus\groovy\groovy-json\3.0.2\groovy-json-3.0.2.jar;C:\Users\f5208882\.m2\repository\io\rest-assured\rest-assured-common\4.3.0\rest-assured-common-4.3.0.jar;C:\Users\f5208882\.m2\repository\io\rest-assured\xml-path\4.3.0\xml-path-4.3.0.jar;C:\Users\f5208882\.m2\repository\jakarta\xml\bind\jakarta.xml.bind-api\2.3.2\jakarta.xml.bind-api-2.3.2.jar;C:\Users\f5208882\.m2\repository\jakarta\activation\jakarta.activation-api\1.2.1\jakarta.activation-api-1.2.1.jar;C:\Users\f5208882\.m2\repository\com\sun\xml\bind\jaxb-osgi\2.3.0.1\jaxb-osgi-2.3.0.1.jar;C:\Users\f5208882\.m2\repository\org\apache\sling\org.apache.sling.javax.activation\0.1.0\org.apache.sling.javax.activation-0.1.0.jar;C:\Users\f5208882\.m2\repository\javax\activation\activation\1.1.1\activation-1.1.1.jar;C:\Users\f5208882\.m2\repository\com\googlecode\json-simple\json-simple\1.1.1\json-simple-1.1.1.jar;C:\Users\f5208882\.m2\repository\mysql\mysql-connector-java\5.1.36\mysql-connector-java-5.1.36.jar;C:\Users\f5208882\.m2\repository\org\apache\poi\poi\3.16\poi-3.16.jar;C:\Users\f5208882\.m2\repository\commons-codec\commons-codec\1.10\commons-codec-1.10.jar;C:\Users\f5208882\.m2\repository\org\apache\commons\commons-collections4\4.1\commons-collections4-4.1.jar;C:\Users\f5208882\.m2\repository\org\apache\poi\poi-scratchpad\3.16\poi-scratchpad-3.16.jar;C:\Users\f5208882\.m2\repository\org\apache\poi\poi-ooxml\3.16\poi-ooxml-3.16.jar;C:\Users\f5208882\.m2\repository\com\github\virtuald\curvesapi\1.04\curvesapi-1.04.jar;C:\Users\f5208882\.m2\repository\org\apache\poi\poi-ooxml-schemas\3.16\poi-ooxml-schemas-3.16.jar;C:\Users\f5208882\.m2\repository\org\apache\xmlbeans\xmlbeans\2.6.0\xmlbeans-2.6.0.jar;C:\Users\f5208882\.m2\repository\stax\stax-api\1.0.1\stax-api-1.0.1.jar;C:\Users\f5208882\.m2\repository\commons-fileupload\commons-fileupload\1.3.1\commons-fileupload-1.3.1.jar;C:\Users\f5208882\.m2\repository\commons-io\commons-io\2.2\commons-io-2.2.jar;C:\Users\f5208882\.m2\repository\org\testng\testng\6.9.10\testng-6.9.10.jar;C:\Users\f5208882\.m2\repository\com\beust\jcommander\1.48\jcommander-1.48.jar;C:\Users\f5208882\.m2\repository\org\beanshell\bsh\2.0b4\bsh-2.0b4.jar;C:\Users\f5208882\.m2\repository\javax\servlet\javax.servlet-api\3.1.0\javax.servlet-api-3.1.0.jar;C:\Users\f5208882\.m2\repository\com\fasterxml\jackson\core\jackson-databind\2.11.1\jackson-databind-2.11.1.jar;C:\Users\f5208882\.m2\repository\com\fasterxml\jackson\core\jackson-annotations\2.11.1\jackson-annotations-2.11.1.jar;C:\Users\f5208882\.m2\repository\com\fasterxml\jackson\core\jackson-core\2.11.1\jackson-core-2.11.1.jar;C:\Users\f5208882\.m2\repository\com\relevantcodes\extentreports\2.41.1\extentreports-2.41.1.jar;C:\Users\f5208882\.m2\repository\org\jsoup\jsoup\1.8.3\jsoup-1.8.3.jar;C:\Users\f5208882\.m2\repository\org\xerial\sqlite-jdbc\3.8.11.1\sqlite-jdbc-3.8.11.1.jar;C:\Users\f5208882\.m2\repository\org\freemarker\freemarker\2.3.23\freemarker-2.3.23.jar;C:\Users\f5208882\.m2\repository\org\mongodb\mongodb-driver\3.0.4\mongodb-driver-3.0.4.jar;C:\Users\f5208882\.m2\repository\org\mongodb\mongodb-driver-core\3.0.4\mongodb-driver-core-3.0.4.jar;C:\Users\f5208882\.m2\repository\org\easymock\easymock\3.5\easymock-3.5.jar;C:\Users\f5208882\.m2\repository\org\objenesis\objenesis\2.6\objenesis-2.6.jar;C:\Users\f5208882\.m2\repository\com\aventstack\extentreports\4.0.9\extentreports-4.0.9.jar;C:\Users\f5208882\.m2\repository\org\mongodb\bson\3.3.0\bson-3.3.0.jar;C:\Users\f5208882\.m2\repository\com\google\code\gson\gson\2.8.5\gson-2.8.5.jar;C:\Users\f5208882\.m2\repository\org\apache\jackrabbit\jackrabbit-standalone\1.5.0\jackrabbit-standalone-1.5.0.jar;C:\Users\f5208882\.m2\repository\javax\jcr\jcr\1.0\jcr-1.0.jar;C:\Users\f5208882\.m2\repository\org\apache\jackrabbit\jackrabbit-webapp\1.5.0\jackrabbit-webapp-1.5.0.jar;C:\Users\f5208882\.m2\repository\org\apache\jackrabbit\jackrabbit-core\1.5.0\jackrabbit-core-1.5.0.jar;C:\Users\f5208882\.m2\repository\concurrent\concurrent\1.3.4\concurrent-1.3.4.jar;C:\Users\f5208882\.m2\repository\org\apache\jackrabbit\jackrabbit-api\1.5.0\jackrabbit-api-1.5.0.jar;C:\Users\f5208882\.m2\repository\org\apache\jackrabbit\jackrabbit-jcr-commons\1.5.0\jackrabbit-jcr-commons-1.5.0.jar;C:\Users\f5208882\.m2\repository\org\apache\jackrabbit\jackrabbit-spi-commons\1.5.0\jackrabbit-spi-commons-1.5.0.jar;C:\Users\f5208882\.m2\repository\org\apache\jackrabbit\jackrabbit-spi\1.5.0\jackrabbit-spi-1.5.0.jar;C:\Users\f5208882\.m2\repository\org\apache\jackrabbit\jackrabbit-text-extractors\1.5.0\jackrabbit-text-extractors-1.5.0.jar;C:\Users\f5208882\.m2\repository\pdfbox\pdfbox\0.7.3\pdfbox-0.7.3.jar;C:\Users\f5208882\.m2\repository\org\fontbox\fontbox\0.1.0\fontbox-0.1.0.jar;C:\Users\f5208882\.m2\repository\org\jempbox\jempbox\0.2.0\jempbox-0.2.0.jar;C:\Users\f5208882\.m2\repository\net\sourceforge\nekohtml\nekohtml\1.9.7\nekohtml-1.9.7.jar;C:\Users\f5208882\.m2\repository\org\apache\lucene\lucene-core\2.3.2\lucene-core-2.3.2.jar;C:\Users\f5208882\.m2\repository\org\apache\derby\derby\10.2.1.6\derby-10.2.1.6.jar;C:\Users\f5208882\.m2\repository\org\apache\jackrabbit\jackrabbit-jcr-server\1.5.0\jackrabbit-jcr-server-1.5.0.jar;C:\Users\f5208882\.m2\repository\org\apache\jackrabbit\jackrabbit-webdav\1.5.0\jackrabbit-webdav-1.5.0.jar;C:\Users\f5208882\.m2\repository\commons-httpclient\commons-httpclient\3.0\commons-httpclient-3.0.jar;C:\Users\f5208882\.m2\repository\xerces\xercesImpl\2.8.1\xercesImpl-2.8.1.jar;C:\Users\f5208882\.m2\repository\xml-apis\xml-apis\1.3.03\xml-apis-1.3.03.jar;C:\Users\f5208882\.m2\repository\org\apache\jackrabbit\jackrabbit-jcr-servlet\1.5.0\jackrabbit-jcr-servlet-1.5.0.jar;C:\Users\f5208882\.m2\repository\org\apache\jackrabbit\jackrabbit-jcr-rmi\1.5.0\jackrabbit-jcr-rmi-1.5.0.jar;C:\Users\f5208882\.m2\repository\org\slf4j\slf4j-log4j12\1.5.3\slf4j-log4j12-1.5.3.jar;C:\Users\f5208882\.m2\repository\org\slf4j\jcl-over-slf4j\1.5.3\jcl-over-slf4j-1.5.3.jar;C:\Users\f5208882\.m2\repository\org\mortbay\jetty\jetty\6.1.14\jetty-6.1.14.jar;C:\Users\f5208882\.m2\repository\org\mortbay\jetty\jsp-2.1\6.1.14\jsp-2.1-6.1.14.jar;C:\Users\f5208882\.m2\repository\org\eclipse\jdt\core\3.1.1\core-3.1.1.jar;C:\Users\f5208882\.m2\repository\ant\ant\1.6.5\ant-1.6.5.jar;C:\Users\f5208882\.m2\repository\org\mortbay\jetty\jetty-util\6.1.14\jetty-util-6.1.14.jar;C:\Users\f5208882\.m2\repository\org\mortbay\jetty\servlet-api-2.5\6.1.14\servlet-api-2.5-6.1.14.jar;C:\Users\f5208882\.m2\repository\org\mortbay\jetty\jsp-api-2.1\6.1.14\jsp-api-2.1-6.1.14.jar;C:\Users\f5208882\.m2\repository\commons-cli\commons-cli\1.1\commons-cli-1.1.jar;C:\Users\f5208882\.m2\repository\log4j\log4j\1.2.17\log4j-1.2.17.jar;C:\Users\f5208882\.m2\repository\org\apache\logging\log4j\log4j-api\2.11.2\log4j-api-2.11.2.jar;C:\Users\f5208882\.m2\repository\org\apache\logging\log4j\log4j-core\2.11.2\log4j-core-2.11.2.jar;C:\Users\f5208882\.m2\repository\junit\junit\4.13.1\junit-4.13.1.jar;C:\Users\f5208882\.m2\repository\org\hamcrest\hamcrest-core\1.3\hamcrest-core-1.3.jar;C:\Users\f5208882\.m2\repository\io\cucumber\cucumber-core\6.9.1\cucumber-core-6.9.1.jar;C:\Users\f5208882\.m2\repository\io\cucumber\cucumber-gherkin\6.9.1\cucumber-gherkin-6.9.1.jar;C:\Users\f5208882\.m2\repository\io\cucumber\cucumber-gherkin-messages\6.9.1\cucumber-gherkin-messages-6.9.1.jar;C:\Users\f5208882\.m2\repository\io\cucumber\messages\13.2.1\messages-13.2.1.jar;C:\Users\f5208882\.m2\repository\io\cucumber\tag-expressions\3.0.0\tag-expressions-3.0.0.jar;C:\Users\f5208882\.m2\repository\io\cucumber\cucumber-expressions\10.3.0\cucumber-expressions-10.3.0.jar;C:\Users\f5208882\.m2\repository\io\cucumber\datatable\3.5.0\datatable-3.5.0.jar;C:\Users\f5208882\.m2\repository\io\cucumber\cucumber-plugin\6.9.1\cucumber-plugin-6.9.1.jar;C:\Users\f5208882\.m2\repository\io\cucumber\docstring\6.9.1\docstring-6.9.1.jar;C:\Users\f5208882\.m2\repository\io\cucumber\html-formatter\9.0.0\html-formatter-9.0.0.jar;C:\Users\f5208882\.m2\repository\io\cucumber\create-meta\2.0.4\create-meta-2.0.4.jar;C:\Users\f5208882\.m2\repository\org\apiguardian\apiguardian-api\1.1.0\apiguardian-api-1.1.0.jar;C:\Users\f5208882\.m2\repository\io\appium\java-client\7.2.0\java-client-7.2.0.jar;C:\Users\f5208882\.m2\repository\org\seleniumhq\selenium\selenium-java\3.141.59\selenium-java-3.141.59.jar;C:\Users\f5208882\.m2\repository\org\seleniumhq\selenium\selenium-chrome-driver\3.141.59\selenium-chrome-driver-3.141.59.jar;C:\Users\f5208882\.m2\repository\org\seleniumhq\selenium\selenium-edge-driver\3.141.59\selenium-edge-driver-3.141.59.jar;C:\Users\f5208882\.m2\repository\org\seleniumhq\selenium\selenium-firefox-driver\3.141.59\selenium-firefox-driver-3.141.59.jar;C:\Users\f5208882\.m2\repository\org\seleniumhq\selenium\selenium-ie-driver\3.141.59\selenium-ie-driver-3.141.59.jar;C:\Users\f5208882\.m2\repository\org\seleniumhq\selenium\selenium-opera-driver\3.141.59\selenium-opera-driver-3.141.59.jar;C:\Users\f5208882\.m2\repository\org\seleniumhq\selenium\selenium-remote-driver\3.141.59\selenium-remote-driver-3.141.59.jar;C:\Users\f5208882\.m2\repository\org\seleniumhq\selenium\selenium-safari-driver\3.141.59\selenium-safari-driver-3.141.59.jar;C:\Users\f5208882\.m2\repository\net\bytebuddy\byte-buddy\1.8.15\byte-buddy-1.8.15.jar;C:\Users\f5208882\.m2\repository\org\apache\commons\commons-exec\1.3\commons-exec-1.3.jar;C:\Users\f5208882\.m2\repository\com\google\guava\guava\25.0-jre\guava-25.0-jre.jar;C:\Users\f5208882\.m2\repository\com\google\code\findbugs\jsr305\1.3.9\jsr305-1.3.9.jar;C:\Users\f5208882\.m2\repository\org\checkerframework\checker-compat-qual\2.0.0\checker-compat-qual-2.0.0.jar;C:\Users\f5208882\.m2\repository\com\google\errorprone\error_prone_annotations\2.1.3\error_prone_annotations-2.1.3.jar;C:\Users\f5208882\.m2\repository\com\google\j2objc\j2objc-annotations\1.1\j2objc-annotations-1.1.jar;C:\Users\f5208882\.m2\repository\org\codehaus\mojo\animal-sniffer-annotations\1.14\animal-sniffer-annotations-1.14.jar;C:\Users\f5208882\.m2\repository\com\squareup\okhttp3\okhttp\3.11.0\okhttp-3.11.0.jar;C:\Users\f5208882\.m2\repository\com\squareup\okio\okio\1.14.0\okio-1.14.0.jar;C:\Users\f5208882\.m2\repository\org\seleniumhq\selenium\selenium-support\3.141.59\selenium-support-3.141.59.jar;C:\Users\f5208882\.m2\repository\org\seleniumhq\selenium\selenium-api\3.141.59\selenium-api-3.141.59.jar;C:\Users\f5208882\.m2\repository\cglib\cglib\3.2.12\cglib-3.2.12.jar;C:\Users\f5208882\.m2\repository\org\ow2\asm\asm\7.1\asm-7.1.jar;C:\Users\f5208882\.m2\repository\commons-validator\commons-validator\1.6\commons-validator-1.6.jar;C:\Users\f5208882\.m2\repository\commons-beanutils\commons-beanutils\1.9.2\commons-beanutils-1.9.2.jar;C:\Users\f5208882\.m2\repository\commons-digester\commons-digester\1.8.1\commons-digester-1.8.1.jar;C:\Users\f5208882\.m2\repository\commons-collections\commons-collections\3.2.2\commons-collections-3.2.2.jar;C:\Users\f5208882\.m2\repository\org\apache\commons\commons-lang3\3.9\commons-lang3-3.9.jar;C:\Users\f5208882\.m2\repository\org\springframework\spring-context\5.1.8.RELEASE\spring-context-5.1.8.RELEASE.jar;C:\Users\f5208882\.m2\repository\org\springframework\spring-aop\5.1.8.RELEASE\spring-aop-5.1.8.RELEASE.jar;C:\Users\f5208882\.m2\repository\org\springframework\spring-beans\5.1.8.RELEASE\spring-beans-5.1.8.RELEASE.jar;C:\Users\f5208882\.m2\repository\org\springframework\spring-core\5.1.8.RELEASE\spring-core-5.1.8.RELEASE.jar;C:\Users\f5208882\.m2\repository\org\springframework\spring-jcl\5.1.8.RELEASE\spring-jcl-5.1.8.RELEASE.jar;C:\Users\f5208882\.m2\repository\org\springframework\spring-expression\5.1.8.RELEASE\spring-expression-5.1.8.RELEASE.jar;C:\Users\f5208882\.m2\repository\org\aspectj\aspectjweaver\1.9.4\aspectjweaver-1.9.4.jar;C:\Users\f5208882\.m2\repository\org\slf4j\slf4j-api\1.7.26\slf4j-api-1.7.26.jar;C:\Users\f5208882\.m2\repository\io\cucumber\cucumber-html\0.2.7\cucumber-html-0.2.7.jar;C:\Users\f5208882\.m2\repository\io\cucumber\cucumber-java\6.9.1\cucumber-java-6.9.1.jar;C:\Users\f5208882\.m2\repository\io\cucumber\cucumber-java8\6.9.1\cucumber-java8-6.9.1.jar;C:\Users\f5208882\.m2\repository\net\jodah\typetools\0.6.2\typetools-0.6.2.jar;C:\Users\f5208882\.m2\repository\io\cucumber\cucumber-testng\6.9.1\cucumber-testng-6.9.1.jar;C:\Users\f5208882\.m2\repository\io\cucumber\cucumber-junit\6.9.1\cucumber-junit-6.9.1.jar;C:\Users\f5208882\.m2\repository\com\aventstack\extentreports-cucumber4-adapter\1.0.6\extentreports-cucumber4-adapter-1.0.6.jar;C:\Users\f5208882\.m2\repository\io\cucumber\cucumber-picocontainer\6.10.1\cucumber-picocontainer-6.10.1.jar;C:\Users\f5208882\.m2\repository\org\picocontainer\picocontainer\2.15\picocontainer-2.15.jar;"/>
    <property name="sun.cpu.endian" value="little"/>
    <property name="user.home" value="C:\Users\f5208882"/>
    <property name="user.language" value="en"/>
    <property name="java.specification.vendor" value="Oracle Corporation"/>
    <property name="java.home" value="C:\Program Files\Java\jdk1.8.0_261\jre"/>
    <property name="basedir" value="C:\Users\f5208882\com.automation.cucumber_Framework"/>
    <property name="file.separator" value="\"/>
    <property name="line.separator" value="&#10;"/>
    <property name="java.vm.specification.vendor" value="Oracle Corporation"/>
    <property name="java.specification.name" value="Java Platform API Specification"/>
    <property name="java.awt.graphicsenv" value="sun.awt.Win32GraphicsEnvironment"/>
    <property name="surefire.real.class.path" value="C:\Users\f5208882\AppData\Local\Temp\surefire3362730204006845380\surefirebooter8750019698121116727.jar"/>
    <property name="sun.boot.class.path" value="C:\Program Files\Java\jdk1.8.0_261\jre\lib\resources.jar;C:\Program Files\Java\jdk1.8.0_261\jre\lib\rt.jar;C:\Program Files\Java\jdk1.8.0_261\jre\lib\sunrsasign.jar;C:\Program Files\Java\jdk1.8.0_261\jre\lib\jsse.jar;C:\Program Files\Java\jdk1.8.0_261\jre\lib\jce.jar;C:\Program Files\Java\jdk1.8.0_261\jre\lib\charsets.jar;C:\Program Files\Java\jdk1.8.0_261\jre\lib\jfr.jar;C:\Program Files\Java\jdk1.8.0_261\jre\classes"/>
    <property name="user.script" value=""/>
    <property name="sun.management.compiler" value="HotSpot 64-Bit Tiered Compilers"/>
    <property name="java.runtime.version" value="1.8.0_261-b12"/>
    <property name="user.name" value="F5208882"/>
    <property name="path.separator" value=";"/>
    <property name="os.version" value="10.0"/>
    <property name="java.endorsed.dirs" value="C:\Program Files\Java\jdk1.8.0_261\jre\lib\endorsed"/>
    <property name="java.runtime.name" value="Java(TM) SE Runtime Environment"/>
    <property name="file.encoding" value="Cp1252"/>
    <property name="java.vm.name" value="Java HotSpot(TM) 64-Bit Server VM"/>
    <property name="localRepository" value="C:\Users\f5208882\.m2\repository"/>
    <property name="java.vendor.url.bug" value="http://bugreport.sun.com/bugreport/"/>
    <property name="java.io.tmpdir" value="C:\Users\f5208882\AppData\Local\Temp\"/>
    <property name="java.version" value="1.8.0_261"/>
    <property name="user.dir" value="C:\Users\f5208882\com.automation.cucumber_Framework"/>
    <property name="os.arch" value="amd64"/>
    <property name="java.vm.specification.name" value="Java Virtual Machine Specification"/>
    <property name="java.awt.printerjob" value="sun.awt.windows.WPrinterJob"/>
    <property name="sun.os.patch.level" value=""/>
    <property name="java.library.path" value="C:\Program Files\Java\jdk1.8.0_261\jre\bin;C:\Windows\Sun\Java\bin;C:\Windows\system32;C:\Windows;C:\Program Files\Common Files\Oracle\Java\javapath;C:\Program Files (x86)\Common Files\Oracle\Java\javapath;C:\Python38\Scripts\;C:\Python38\;C:\Program Files (x86)\Java\Jre6\bin;C:\Windows\system32;C:\Windows;C:\Windows\System32\Wbem;C:\Windows\System32\WindowsPowerShell\v1.0\;C:\Windows\System32\OpenSSH\;C:\Windows\CCM;C:\Windows\CCM;C:\Program Files (x86)\Windows Kits\10\Windows Performance Toolkit\;C:\Windows\system32\config\systemprofile\AppData\Local\Microsoft\WindowsApps;C:\Program Files (x86)\Adaptiva\AdaptivaClient\bin\x32;C:\Program Files (x86)\Adaptiva\AdaptivaClient\bin\x64;C:\Program Files\Java\jdk1.8.0_211\bin;C:\Program Files\OpenSSH\bin;%ANDROID_HOME%\platforms-tools;C:\Users\f5208882\AppData\Local\Android\Sdk\platform-tools;C:\Users\f5208882\AppData\Local\Android\Sdk\tools;C:\Users\f5208882\AppData\Local\Android\Sdk\tools\bin;C:\Users\f5208882\AppData\Local\Android\Sdk\tools\bin;C:\Program Files (x86)\Java\Jre6\bin;C:\Program Files (x86)\Java\jre1.8.0_201\bin;C:\Program Files (x86)\HP\Unified Functional Testing\bin;C:\Program Files\Git\bin;C:\Program Files\Git\cmd;C:\jq;C:\Program Files (x86)\Python37-32\Scripts;C:\Program Files (x86)\Python37-32;C:\Program Files\Git\bin;C:\Program Files (x86)\Python37-32\Lib\site-packages\colordiffs;C:\Program Files (x86)\Python37-32\Lib\site-packages;C:\Program Files (x86)\Python37-32\Lib;C:\Program Files\Java\jre1.8.0_221\bin;C:\ProgramData\chocolatey\bin;C:\Program Files (x86)\HP\Virtual User Generator\strawberry-perl\perl\bin;C:\Program Files\Apache Software Foundation\Tomcat 9.0_Tomcat\lib\servlet-api.jar;C:\Program Files\Apache Software Foundation\Tomcat 9.0\lib\servlet-api.jar;C:\Program Files\PuTTY\;C:\Program Files\Java\jdk1.8.0_261\bin;C:\Program Files\Java\jdk1.8.0_261;C:\Program Files (x86)\Sennheiser\SenncomSDK\;C:\Program Files\nodejs\;C:\Users\f5208882\AppData\Local\Microsoft\WindowsApps;C:\Program Files\JetBrains\IntelliJ IDEA Community Edition 2018.3.3\bin;C:\apache-maven-3.6.2\bin;C:\jq;C:\Program Files (x86)\Python37-32\Lib\site-packages\colordiffs;C:\Program Files (x86)\Python37-32\Lib;C:\Program Files (x86)\Python37-32\Lib\site-packages;C:\Users\f5208882\AppData\Local\Programs\Fiddler;C:\Users\f5208882\AppData\Roaming\npm;C:\Program Files\Java\jdk1.8.0_221\bin;C:\Program Files\Java\jdk1.8.0_261\bin;;."/>
    <property name="java.vm.info" value="mixed mode"/>
    <property name="java.vendor" value="Oracle Corporation"/>
    <property name="java.vm.version" value="25.261-b12"/>
    <property name="java.ext.dirs" value="C:\Program Files\Java\jdk1.8.0_261\jre\lib\ext;C:\Windows\Sun\Java\lib\ext"/>
    <property name="sun.io.unicode.encoding" value="UnicodeLittle"/>
    <property name="java.class.version" value="52.0"/>
  </properties>
  <testcase name="runScenario[&quot;As an app Administrator, I want the app to throw an error when a user has captured incorrect password.&quot;, &quot;Optional[Requirement_1: Login]&quot;](1)" classname="com_automation.Runnner.Runnner" time="41.879">
    <failure message="An unknown server-side error occurred while processing the command. Original error: Cannot get screenshot data because of &apos;The size of the taken screenshot equals to zero.&apos;. Make sure the &apos;LayoutParams.FLAG_SECURE&apos; is not set for the current view&#10;Build info: version: &apos;3.141.59&apos;, revision: &apos;e82be7d358&apos;, time: &apos;2018-11-14T08:17:03&apos;&#10;System info: host: &apos;FNBU48F32G2&apos;, ip: &apos;192.168.8.124&apos;, os.name: &apos;Windows 10&apos;, os.arch: &apos;amd64&apos;, os.version: &apos;10.0&apos;, java.version: &apos;1.8.0_261&apos;&#10;Driver info: io.appium.java_client.android.AndroidDriver&#10;Capabilities {appActivity: za.co.fnb.connect.itt.gui.Z..., appPackage: za.co.fnb.connect.itt, databaseEnabled: false, desired: {appActivity: za.co.fnb.connect.itt.gui.Z..., appPackage: za.co.fnb.connect.itt, deviceName: HUAWEIY560-L01, noReset: true, platformName: android, platformVersion: 5.1.1, udid: Q6VBBBB5C1702948}, deviceManufacturer: HUAWEI, deviceModel: HUAWEI Y560-L01, deviceName: Q6VBBBB5C1702948, deviceScreenSize: 480x854, deviceUDID: Q6VBBBB5C1702948, javascriptEnabled: true, locationContextEnabled: false, networkConnectionEnabled: true, noReset: true, platform: LINUX, platformName: Android, platformVersion: 5.1.1, takesScreenshot: true, udid: Q6VBBBB5C1702948, warnings: {}, webStorageEnabled: false}&#10;Session ID: 57a91e00-86cf-44cc-8617-1a71cfaba95f" type="org.openqa.selenium.WebDriverException"><![CDATA[org.openqa.selenium.WebDriverException: 
An unknown server-side error occurred while processing the command. Original error: Cannot get screenshot data because of 'The size of the taken screenshot equals to zero.'. Make sure the 'LayoutParams.FLAG_SECURE' is not set for the current view
Build info: version: '3.141.59', revision: 'e82be7d358', time: '2018-11-14T08:17:03'
System info: host: 'FNBU48F32G2', ip: '192.168.8.124', os.name: 'Windows 10', os.arch: 'amd64', os.version: '10.0', java.version: '1.8.0_261'
Driver info: io.appium.java_client.android.AndroidDriver
Capabilities {appActivity: za.co.fnb.connect.itt.gui.Z..., appPackage: za.co.fnb.connect.itt, databaseEnabled: false, desired: {appActivity: za.co.fnb.connect.itt.gui.Z..., appPackage: za.co.fnb.connect.itt, deviceName: HUAWEIY560-L01, noReset: true, platformName: android, platformVersion: 5.1.1, udid: Q6VBBBB5C1702948}, deviceManufacturer: HUAWEI, deviceModel: HUAWEI Y560-L01, deviceName: Q6VBBBB5C1702948, deviceScreenSize: 480x854, deviceUDID: Q6VBBBB5C1702948, javascriptEnabled: true, locationContextEnabled: false, networkConnectionEnabled: true, noReset: true, platform: LINUX, platformName: Android, platformVersion: 5.1.1, takesScreenshot: true, udid: Q6VBBBB5C1702948, warnings: {}, webStorageEnabled: false}
Session ID: 57a91e00-86cf-44cc-8617-1a71cfaba95f
]]></failure>
    <system-out><![CDATA[Test execution started

Scenario Outline: As an app Administrator, I want the app to throw an error when a user has captured incorrect password. # src/test/java/com_automation/Features/Invalid_Credentials.feature:9
Element is displayed
Element is displayed
  Given The user is on login screen                                                                                      # com_automation.Steps_Defination.Login_Steps.the_user_is_on_login_screen()
      org.openqa.selenium.WebDriverException: An unknown server-side error occurred while processing the command. Original error: Cannot get screenshot data because of 'The size of the taken screenshot equals to zero.'. Make sure the 'LayoutParams.FLAG_SECURE' is not set for the current view
Build info: version: '3.141.59', revision: 'e82be7d358', time: '2018-11-14T08:17:03'
System info: host: 'FNBU48F32G2', ip: '192.168.8.124', os.name: 'Windows 10', os.arch: 'amd64', os.version: '10.0', java.version: '1.8.0_261'
Driver info: io.appium.java_client.android.AndroidDriver
Capabilities {appActivity: za.co.fnb.connect.itt.gui.Z..., appPackage: za.co.fnb.connect.itt, databaseEnabled: false, desired: {appActivity: za.co.fnb.connect.itt.gui.Z..., appPackage: za.co.fnb.connect.itt, deviceName: HUAWEIY560-L01, noReset: true, platformName: android, platformVersion: 5.1.1, udid: Q6VBBBB5C1702948}, deviceManufacturer: HUAWEI, deviceModel: HUAWEI Y560-L01, deviceName: Q6VBBBB5C1702948, deviceScreenSize: 480x854, deviceUDID: Q6VBBBB5C1702948, javascriptEnabled: true, locationContextEnabled: false, networkConnectionEnabled: true, noReset: true, platform: LINUX, platformName: Android, platformVersion: 5.1.1, takesScreenshot: true, udid: Q6VBBBB5C1702948, warnings: {}, webStorageEnabled: false}
Session ID: 57a91e00-86cf-44cc-8617-1a71cfaba95f
	at sun.reflect.NativeConstructorAccessorImpl.newInstance0(Native Method)
	at sun.reflect.NativeConstructorAccessorImpl.newInstance(NativeConstructorAccessorImpl.java:62)
	at sun.reflect.DelegatingConstructorAccessorImpl.newInstance(DelegatingConstructorAccessorImpl.java:45)
	at java.lang.reflect.Constructor.newInstance(Constructor.java:423)
	at org.openqa.selenium.remote.http.W3CHttpResponseCodec.createException(W3CHttpResponseCodec.java:187)
	at org.openqa.selenium.remote.http.W3CHttpResponseCodec.decode(W3CHttpResponseCodec.java:122)
	at org.openqa.selenium.remote.http.W3CHttpResponseCodec.decode(W3CHttpResponseCodec.java:49)
	at org.openqa.selenium.remote.HttpCommandExecutor.execute(HttpCommandExecutor.java:158)
	at io.appium.java_client.remote.AppiumCommandExecutor.execute(AppiumCommandExecutor.java:239)
	at org.openqa.selenium.remote.RemoteWebDriver.execute(RemoteWebDriver.java:552)
	at io.appium.java_client.DefaultGenericMobileDriver.execute(DefaultGenericMobileDriver.java:45)
	at io.appium.java_client.AppiumDriver.execute(AppiumDriver.java:1)
	at io.appium.java_client.android.AndroidDriver.execute(AndroidDriver.java:1)
	at org.openqa.selenium.remote.RemoteWebDriver.getScreenshotAs(RemoteWebDriver.java:295)
	at com_automation.Config.Take_Screenshot.Capture(Take_Screenshot.java:16)
	at com_automation.Steps_Defination.Login_Steps.the_user_is_on_login_screen(Login_Steps.java:46)
	at âœ½.The user is on login screen(file:///C:/Users/f5208882/com.automation.cucumber_Framework/src/test/java/com_automation/Features/Invalid_Credentials.feature:3)

  When The user enters incorrect login password: "as123"                                                                 # com_automation.Steps_Defination.Login_Steps.theUserEntersIncorrectLoginPassword(java.lang.String)
  When The user clicks the login button                                                                                  # com_automation.Steps_Defination.Login_Steps.the_user_clicks_the_login_button()
  Then Verify if the app is throwing the error: "LOGIN ERROR"                                                            # com_automation.Steps_Defination.Login_Steps.verify_if_the_app_is_throwing_the_error(java.lang.String)
]]></system-out>
    <system-err><![CDATA[log4j:WARN No appenders could be found for logger (com_automation.Config.Log).
log4j:WARN Please initialize the log4j system properly.
Mar 19, 2021 9:24:17 AM io.appium.java_client.remote.AppiumCommandExecutor$1 lambda$0
INFO: Detected dialect: W3C
]]></system-err>
  </testcase>
  <testcase name="runScenario[&quot;As an App user, I want be able to log into the app successfully when I provided correct credentials.&quot;, &quot;Optional[Requirement_1: Login]&quot;](2)" classname="com_automation.Runnner.Runnner" time="76.21">
    <failure type="java.lang.NullPointerException"><![CDATA[java.lang.NullPointerException
]]></failure>
    <system-out><![CDATA[
Scenario Outline: As an App user, I want be able to log into the app successfully when I provided correct credentials. # src/test/java/com_automation/Features/Login.feature:9
Element is not displayed
Element is not displayed
Element is not displayed
Element is not displayed
Element is not displayed
  Given The user is on login screen                                                                                    # com_automation.Steps_Defination.Login_Steps.the_user_is_on_login_screen()
      java.lang.NullPointerException
	at com_automation.Methods.Mobile.Login_Methods.go_To_Login(Login_Methods.java:8)
	at com_automation.Steps_Defination.Login_Steps.the_user_is_on_login_screen(Login_Steps.java:45)
	at âœ½.The user is on login screen(file:///C:/Users/f5208882/com.automation.cucumber_Framework/src/test/java/com_automation/Features/Login.feature:3)

  When The user enters correct login details: "asdfgh"                                                                 # com_automation.Steps_Defination.Login_Steps.the_user_enters_correct_login_details(java.lang.String)
  When The user clicks the login button                                                                                # com_automation.Steps_Defination.Login_Steps.the_user_clicks_the_login_button()
  Then Verify if the user has logged in successful                                                                     # com_automation.Steps_Defination.Login_Steps.verify_if_the_user_has_logged_in_successful()
]]></system-out>
  </testcase>
  <testcase name="runScenario[&quot;As an App user, I want be able to log into the app successfully when I provided correct credentials.&quot;, &quot;Optional[Requirement_1: Login]&quot;](3)" classname="com_automation.Runnner.Runnner" time="76.45">
    <failure type="java.lang.NullPointerException"><![CDATA[java.lang.NullPointerException
]]></failure>
    <system-out><![CDATA[
Scenario Outline: As an App user, I want be able to log into the app successfully when I provided correct credentials. # src/test/java/com_automation/Features/Login.feature:10
Element is not displayed
Element is not displayed
Element is not displayed
Element is not displayed
Element is not displayed
  Given The user is on login screen                                                                                    # com_automation.Steps_Defination.Login_Steps.the_user_is_on_login_screen()
      java.lang.NullPointerException
	at com_automation.Methods.Mobile.Login_Methods.go_To_Login(Login_Methods.java:8)
	at com_automation.Steps_Defination.Login_Steps.the_user_is_on_login_screen(Login_Steps.java:45)
	at âœ½.The user is on login screen(file:///C:/Users/f5208882/com.automation.cucumber_Framework/src/test/java/com_automation/Features/Login.feature:3)

  When The user enters correct login details: "asdfgh"                                                                 # com_automation.Steps_Defination.Login_Steps.the_user_enters_correct_login_details(java.lang.String)
  When The user clicks the login button                                                                                # com_automation.Steps_Defination.Login_Steps.the_user_clicks_the_login_button()
  Then Verify if the user has logged in successful                                                                     # com_automation.Steps_Defination.Login_Steps.verify_if_the_user_has_logged_in_successful()
]]></system-out>
  </testcase>
  <testcase name="runScenario[&quot;As an app Administrator, I want the app to throw an error when a user has captured incorrect password.&quot;, &quot;Optional[Requirement_1: Login]&quot;](4)" classname="com_automation.Runnner.Runnner" time="76.386">
    <failure type="java.lang.NullPointerException"><![CDATA[java.lang.NullPointerException
]]></failure>
    <system-out><![CDATA[
Scenario Outline: As an app Administrator, I want the app to throw an error when a user has captured incorrect password. # src/test/java/com_automation/Features/Login.feature:19
Element is not displayed
Element is not displayed
Element is not displayed
Element is not displayed
Element is not displayed
  Given The user is on login screen                                                                                      # com_automation.Steps_Defination.Login_Steps.the_user_is_on_login_screen()
      java.lang.NullPointerException
	at com_automation.Methods.Mobile.Login_Methods.go_To_Login(Login_Methods.java:8)
	at com_automation.Steps_Defination.Login_Steps.the_user_is_on_login_screen(Login_Steps.java:45)
	at âœ½.The user is on login screen(file:///C:/Users/f5208882/com.automation.cucumber_Framework/src/test/java/com_automation/Features/Login.feature:13)

  When The user enters incorrect login password: "as123"                                                                 # com_automation.Steps_Defination.Login_Steps.theUserEntersIncorrectLoginPassword(java.lang.String)
  When The user clicks the login button                                                                                  # com_automation.Steps_Defination.Login_Steps.the_user_clicks_the_login_button()
  Then Verify if the app is throwing the error: "LOGIN ERROR"                                                            # com_automation.Steps_Defination.Login_Steps.verify_if_the_app_is_throwing_the_error(java.lang.String)
]]></system-out>
  </testcase>
</testsuite>