<?xml version="1.0" encoding="UTF-8"?>
<!-- Generated by org.testng.reporters.JUnitReportReporter -->
<testsuite hostname="FNBU48F32G2" name="com_automation.Runnner.Runnner" tests="4" failures="0" timestamp="19 Mar 2021 07:28:31 GMT" time="270.853" errors="4">
  <testcase name="runScenario" time="76.392" classname="com_automation.Runnner.Runnner">
    <error type="java.lang.NullPointerException">
      <![CDATA[java.lang.NullPointerException
	at com_automation.Methods.Mobile.Login_Methods.go_To_Login(Login_Methods.java:8)
	at com_automation.Steps_Defination.Login_Steps.the_user_is_on_login_screen(Login_Steps.java:45)
	at ✽.The user is on login screen(file:///C:/Users/f5208882/com.automation.cucumber_Framework/src/test/java/com_automation/Features/Login.feature:13)
]]>
    </error>
  </testcase> <!-- runScenario -->
  <testcase name="runScenario" time="76.420" classname="com_automation.Runnner.Runnner">
    <error type="java.lang.NullPointerException">
      <![CDATA[java.lang.NullPointerException
	at com_automation.Methods.Mobile.Login_Methods.go_To_Login(Login_Methods.java:8)
	at com_automation.Steps_Defination.Login_Steps.the_user_is_on_login_screen(Login_Steps.java:45)
	at ✽.The user is on login screen(file:///C:/Users/f5208882/com.automation.cucumber_Framework/src/test/java/com_automation/Features/Login.feature:3)
]]>
    </error>
  </testcase> <!-- runScenario -->
  <testcase name="runScenario" time="41.583" classname="com_automation.Runnner.Runnner">
    <error type="org.openqa.selenium.WebDriverException" message="An unknown server-side error occurred while processing the command. Original error: Cannot get screenshot data because of &#039;The size of the taken screenshot equals to zero.&#039;. Make sure the &#039;LayoutParams.FLAG_SECURE&#039; is not set for the current view
Build info: version: &#039;3.141.59&#039;, revision: &#039;e82be7d358&#039;, time: &#039;2018-11-14T08:17:03&#039;
System info: host: &#039;FNBU48F32G2&#039;, ip: &#039;192.168.8.124&#039;, os.name: &#039;Windows 10&#039;, os.arch: &#039;amd64&#039;, os.version: &#039;10.0&#039;, java.version: &#039;1.8.0_261&#039;
Driver info: io.appium.java_client.android.AndroidDriver
Capabilities {appActivity: za.co.fnb.connect.itt.gui.Z..., appPackage: za.co.fnb.connect.itt, databaseEnabled: false, desired: {appActivity: za.co.fnb.connect.itt.gui.Z..., appPackage: za.co.fnb.connect.itt, deviceName: HUAWEIY560-L01, noReset: true, platformName: android, platformVersion: 5.1.1, udid: Q6VBBBB5C1702948}, deviceManufacturer: HUAWEI, deviceModel: HUAWEI Y560-L01, deviceName: Q6VBBBB5C1702948, deviceScreenSize: 480x854, deviceUDID: Q6VBBBB5C1702948, javascriptEnabled: true, locationContextEnabled: false, networkConnectionEnabled: true, noReset: true, platform: LINUX, platformName: Android, platformVersion: 5.1.1, takesScreenshot: true, udid: Q6VBBBB5C1702948, warnings: {}, webStorageEnabled: false}
Session ID: 57a91e00-86cf-44cc-8617-1a71cfaba95f">
      <![CDATA[org.openqa.selenium.WebDriverException: An unknown server-side error occurred while processing the command. Original error: Cannot get screenshot data because of 'The size of the taken screenshot equals to zero.'. Make sure the 'LayoutParams.FLAG_SECURE' is not set for the current view
Build info: version: '3.141.59', revision: 'e82be7d358', time: '2018-11-14T08:17:03'
System info: host: 'FNBU48F32G2', ip: '192.168.8.124', os.name: 'Windows 10', os.arch: 'amd64', os.version: '10.0', java.version: '1.8.0_261'
Driver info: io.appium.java_client.android.AndroidDriver
Capabilities {appActivity: za.co.fnb.connect.itt.gui.Z..., appPackage: za.co.fnb.connect.itt, databaseEnabled: false, desired: {appActivity: za.co.fnb.connect.itt.gui.Z..., appPackage: za.co.fnb.connect.itt, deviceName: HUAWEIY560-L01, noReset: true, platformName: android, platformVersion: 5.1.1, udid: Q6VBBBB5C1702948}, deviceManufacturer: HUAWEI, deviceModel: HUAWEI Y560-L01, deviceName: Q6VBBBB5C1702948, deviceScreenSize: 480x854, deviceUDID: Q6VBBBB5C1702948, javascriptEnabled: true, locationContextEnabled: false, networkConnectionEnabled: true, noReset: true, platform: LINUX, platformName: Android, platformVersion: 5.1.1, takesScreenshot: true, udid: Q6VBBBB5C1702948, warnings: {}, webStorageEnabled: false}
Session ID: 57a91e00-86cf-44cc-8617-1a71cfaba95f
	at sun.reflect.NativeConstructorAccessorImpl.newInstance0(Native Method)
	at sun.reflect.NativeConstructorAccessorImpl.newInstance(NativeConstructorAccessorImpl.java:62)
	at sun.reflect.DelegatingConstructorAccessorImpl.newInstance(DelegatingConstructorAccessorImpl.java:45)
	at java.lang.reflect.Constructor.newInstance(Constructor.java:423)
	at org.openqa.selenium.remote.http.W3CHttpResponseCodec.createException(W3CHttpResponseCodec.java:187)
	at org.openqa.selenium.remote.http.W3CHttpResponseCodec.decode(W3CHttpResponseCodec.java:122)
	at org.openqa.selenium.remote.http.W3CHttpResponseCodec.decode(W3CHttpResponseCodec.java:49)
	at org.openqa.selenium.remote.HttpCommandExecutor.execute(HttpCommandExecutor.java:158)
	at io.appium.java_client.remote.AppiumCommandExecutor.execute(AppiumCommandExecutor.java:239)
	at org.openqa.selenium.remote.RemoteWebDriver.execute(RemoteWebDriver.java:552)
	at io.appium.java_client.DefaultGenericMobileDriver.execute(DefaultGenericMobileDriver.java:45)
	at io.appium.java_client.AppiumDriver.execute(AppiumDriver.java:1)
	at io.appium.java_client.android.AndroidDriver.execute(AndroidDriver.java:1)
	at org.openqa.selenium.remote.RemoteWebDriver.getScreenshotAs(RemoteWebDriver.java:295)
	at com_automation.Config.Take_Screenshot.Capture(Take_Screenshot.java:16)
	at com_automation.Steps_Defination.Login_Steps.the_user_is_on_login_screen(Login_Steps.java:46)
	at ✽.The user is on login screen(file:///C:/Users/f5208882/com.automation.cucumber_Framework/src/test/java/com_automation/Features/Invalid_Credentials.feature:3)
]]>
    </error>
  </testcase> <!-- runScenario -->
  <testcase name="runScenario" time="76.458" classname="com_automation.Runnner.Runnner">
    <error type="java.lang.NullPointerException">
      <![CDATA[java.lang.NullPointerException
	at com_automation.Methods.Mobile.Login_Methods.go_To_Login(Login_Methods.java:8)
	at com_automation.Steps_Defination.Login_Steps.the_user_is_on_login_screen(Login_Steps.java:45)
	at ✽.The user is on login screen(file:///C:/Users/f5208882/com.automation.cucumber_Framework/src/test/java/com_automation/Features/Login.feature:3)
]]>
    </error>
  </testcase> <!-- runScenario -->
</testsuite> <!-- com_automation.Runnner.Runnner -->
